[2021-11-10T21:53:12.967] [INFO] info - log output
[2021-11-10T22:03:23.195] [INFO] info - log output
[2021-11-10T22:03:31.718] [INFO] info - log output
[2021-11-10T22:03:35.315] [INFO] info - log output
[2021-11-10T22:04:13.710] [INFO] info - log output
[2021-11-10T22:04:21.306] [INFO] info - log output
[2021-11-10T22:04:22.087] [INFO] info - log output
[2021-11-10T22:04:22.328] [INFO] info - log output
[2021-11-10T22:04:29.352] [INFO] info - log output
[2021-11-10T22:04:30.282] [INFO] info - log output
[2021-11-10T22:04:31.460] [INFO] info - log output
[2021-11-10T22:04:35.123] [INFO] info - log output
[2021-11-10T22:04:47.353] [INFO] info - log output
[2021-11-10T22:04:48.104] [INFO] info - log output
[2021-11-10T22:04:49.439] [INFO] info - log output
[2021-11-10T22:05:27.673] [INFO] info - log output
[2021-11-10T22:05:27.733] [INFO] info - log output
[2021-11-10T22:05:28.943] [INFO] info - log output
[2021-11-10T22:05:29.569] [INFO] info - log output
[2021-11-10T22:05:30.587] [INFO] info - log output
[2021-11-10T22:05:30.872] [INFO] info - log output
[2021-11-10T22:05:31.559] [INFO] info - log output
[2021-11-10T22:05:32.146] [INFO] info - log output
[2021-11-10T22:05:51.013] [INFO] info - log output
[2021-11-10T22:05:51.627] [INFO] info - log output
[2021-11-10T22:05:51.892] [INFO] info - log output
[2021-11-10T22:05:52.386] [INFO] info - log output
[2021-11-10T22:05:52.857] [INFO] info - log output
[2021-11-10T22:07:16.185] [INFO] info - log output
[2021-11-10T22:07:16.666] [INFO] info - log output
[2021-11-10T22:07:16.938] [INFO] info - log output
[2021-11-10T22:07:17.202] [INFO] info - log output
[2021-11-14T15:39:35.494] [INFO] info - ****数据库连接成功****
[2021-11-14T15:40:21.730] [INFO] info - ****数据库连接成功****
[2021-11-14T15:40:43.728] [INFO] info - ****数据库连接成功****
[2021-11-14T20:36:36.338] [INFO] info - ****数据库连接成功****
[2021-11-14T20:36:40.933] [INFO] info - ****数据库连接成功****
[2021-11-14T20:36:45.673] [INFO] info - ****数据库连接成功****
[2021-11-14T20:36:53.033] [INFO] info - ****数据库连接成功****
[2021-11-14T20:36:56.063] [INFO] info - ****数据库连接成功****
[2021-11-14T20:37:08.347] [INFO] info - ****数据库连接成功****
[2021-11-14T20:37:53.117] [INFO] info - ****数据库连接成功****
[2021-11-14T20:38:17.080] [INFO] info - ****数据库连接成功****
[2021-11-14T20:38:25.642] [INFO] info - ****数据库连接成功****
[2021-11-14T20:39:34.087] [INFO] info - ****数据库连接成功****
[2021-11-14T20:40:00.517] [INFO] info - ****数据库连接成功****
[2021-11-14T20:40:34.525] [INFO] info - ****数据库连接成功****
[2021-11-14T20:42:24.355] [INFO] info - ****数据库连接成功****
[2021-11-14T20:44:06.442] [INFO] info - ****数据库连接成功****
[2021-11-14T20:44:54.065] [INFO] info - ****数据库连接成功****
[2021-11-14T20:47:40.726] [INFO] info - ****数据库连接成功****
[2021-11-14T20:50:32.281] [INFO] info - ****数据库连接成功****
[2021-11-14T20:51:52.173] [INFO] info - ****数据库连接成功****
[2021-11-14T20:51:57.551] [INFO] info - ****数据库连接成功****
[2021-11-14T20:52:14.246] [INFO] info - ****数据库连接成功****
[2021-11-14T20:52:21.878] [INFO] info - ****数据库连接成功****
[2021-11-14T20:52:29.333] [INFO] info - ****数据库连接成功****
[2021-11-14T20:52:34.999] [INFO] info - ****数据库连接成功****
[2021-11-14T20:53:18.339] [INFO] info - ****数据库连接成功****
[2021-11-14T20:53:19.970] [INFO] info - ****数据库连接成功****
[2021-11-14T20:54:31.396] [INFO] info - ****数据库连接成功****
[2021-11-14T20:54:33.171] [INFO] info - ****数据库连接成功****
[2021-11-14T20:54:35.206] [INFO] info - ****数据库连接成功****
[2021-11-14T20:54:41.406] [INFO] info - ****数据库连接成功****
[2021-11-14T20:54:47.283] [INFO] info - ****数据库连接成功****
[2021-11-14T20:56:18.798] [INFO] info - ****数据库连接成功****
[2021-11-14T20:56:23.643] [INFO] info - ****数据库连接成功****
[2021-11-14T20:56:35.006] [INFO] info - ****数据库连接成功****
[2021-11-14T20:56:41.854] [INFO] info - ****数据库连接成功****
[2021-11-14T20:56:49.442] [INFO] info - log output
[2021-11-14T20:57:13.555] [INFO] info - ****数据库连接成功****
[2021-11-14T20:59:13.235] [INFO] info - log output
[2021-11-14T21:01:02.709] [INFO] info - ****数据库连接成功****
[2021-11-14T21:01:06.182] [INFO] info - log output
[2021-11-14T21:01:17.445] [INFO] info - log output
[2021-11-14T21:03:07.958] [INFO] info - ****数据库连接成功****
[2021-11-14T21:03:14.309] [INFO] info - log output
[2021-11-14T21:03:32.891] [INFO] info - log output
[2021-11-14T21:05:29.878] [INFO] info - ****数据库连接成功****
[2021-11-14T21:05:42.253] [INFO] info - ****数据库连接成功****
[2021-11-14T21:05:50.445] [INFO] info - log output
[2021-11-14T21:06:55.568] [INFO] info - ****数据库连接成功****
[2021-11-14T21:07:08.963] [INFO] info - ****数据库连接成功****
[2021-11-14T21:07:32.735] [INFO] info - log output
[2021-11-14T21:07:33.037] [INFO] info - log output
[2021-11-14T21:07:47.528] [INFO] info - log output
[2021-11-14T21:08:01.488] [INFO] info - ****数据库连接成功****
[2021-11-14T21:08:08.542] [INFO] info - ****数据库连接成功****
[2021-11-14T21:08:17.675] [INFO] info - log output
[2021-11-14T21:08:30.837] [INFO] info - ****数据库连接成功****
[2021-11-14T21:08:51.220] [INFO] info - log output
[2021-11-14T21:08:55.803] [INFO] info - log output
[2021-11-14T21:09:08.134] [INFO] info - log output
[2021-11-14T21:10:24.407] [INFO] info - ****数据库连接成功****
[2021-11-14T21:10:27.302] [INFO] info - log output
[2021-11-14T21:11:48.129] [INFO] info - ****数据库连接成功****
[2021-11-14T21:11:50.632] [INFO] info - get params:{}
[2021-11-14T21:11:50.633] [INFO] info - post params:{"userName":"fgf","userPwd":"fgfg"}
[2021-11-14T21:12:58.435] [INFO] info - ****数据库连接成功****
[2021-11-14T21:13:08.422] [INFO] info - get params:{}
[2021-11-14T21:13:08.424] [INFO] info - post params:{"userName":"fgf","userPwd":"fgfg"}
[2021-11-14T21:14:26.442] [INFO] info - ****数据库连接成功****
[2021-11-14T21:20:46.632] [INFO] info - get params:{}
[2021-11-14T21:20:46.634] [INFO] info - post params:{"userName":"dfd","userPwd":"dfd"}
[2021-11-14T21:25:07.388] [INFO] info - get params:{}
[2021-11-14T21:25:07.389] [INFO] info - post params:{"userName":"admin","userPwd":"admin"}
[2021-11-15T21:14:08.272] [INFO] info - ****数据库连接成功****
[2021-11-15T21:16:25.752] [INFO] info - get params:{}
[2021-11-15T21:16:25.754] [INFO] info - post params:{"userName":"admin","userPwd":"admin"}
[2021-11-16T09:24:09.566] [INFO] info - ****数据库连接成功****
[2021-11-16T10:03:16.487] [INFO] info - get params:{}
[2021-11-16T10:03:16.490] [INFO] info - post params:{"userName":"admin","userPwd":"admin"}
[2021-11-16T10:03:33.996] [INFO] info - get params:{}
[2021-11-16T10:03:33.997] [INFO] info - post params:{"userName":"admin","userPwd":"admin"}
[2021-11-16T10:07:17.710] [INFO] info - get params:{}
[2021-11-16T10:07:17.711] [INFO] info - post params:{"userName":"admin","userPwd":"admin"}
[2021-11-16T11:04:38.977] [INFO] info - get params:{}
[2021-11-16T11:04:38.978] [INFO] info - post params:{"userName":"admin","userPwd":"admin"}
[2021-11-16T20:53:18.182] [INFO] info - ****数据库连接成功****
[2021-11-16T20:53:50.992] [INFO] info - get params:{}
[2021-11-16T20:53:50.993] [INFO] info - post params:{"userName":"admin","userPwd":"admin"}
[2021-11-17T08:39:28.774] [INFO] info - ****数据库连接成功****
[2021-11-17T14:46:01.003] [INFO] info - ****数据库连接成功****
[2021-11-17T14:48:47.602] [INFO] info - ****数据库连接成功****
[2021-11-17T14:49:08.197] [INFO] info - get params:{}
[2021-11-17T14:49:08.198] [INFO] info - post params:{}
[2021-11-17T14:49:08.206] [INFO] info - get params:{}
[2021-11-17T14:49:08.206] [INFO] info - post params:{}
[2021-11-17T14:49:28.874] [INFO] info - get params:{}
[2021-11-17T14:49:28.874] [INFO] info - post params:{"userName":"admin","userPwd":"admin"}
[2021-11-17T14:49:29.208] [INFO] info - get params:{}
[2021-11-17T14:49:29.210] [INFO] info - post params:{}
[2021-11-17T14:49:29.213] [INFO] info - get params:{}
[2021-11-17T14:49:29.214] [INFO] info - post params:{}
[2021-11-17T14:51:22.954] [INFO] info - ****数据库连接成功****
[2021-11-17T14:51:52.279] [INFO] info - get params:{}
[2021-11-17T14:51:52.280] [INFO] info - post params:{"userName":"admin","userPwd":"admin"}
[2021-11-17T14:51:52.486] [INFO] info - get params:{}
[2021-11-17T14:51:52.486] [INFO] info - post params:{}
[2021-11-17T14:51:52.490] [INFO] info - get params:{}
[2021-11-17T14:51:52.491] [INFO] info - post params:{}
[2021-11-17T14:57:55.210] [INFO] info - get params:{}
[2021-11-17T14:57:55.211] [INFO] info - post params:{}
[2021-11-17T14:57:55.212] [INFO] info - get params:{}
[2021-11-17T14:57:55.213] [INFO] info - post params:{}
[2021-11-17T14:58:18.374] [INFO] info - get params:{}
[2021-11-17T14:58:18.375] [INFO] info - post params:{"userName":"admin","userPwd":"admin"}
[2021-11-17T14:58:18.826] [INFO] info - get params:{}
[2021-11-17T14:58:18.827] [INFO] info - post params:{}
[2021-11-17T14:58:18.831] [INFO] info - get params:{}
[2021-11-17T14:58:18.832] [INFO] info - post params:{}
[2021-11-17T14:58:38.771] [INFO] info - ****数据库连接成功****
[2021-11-17T14:58:58.345] [INFO] info - get params:{}
[2021-11-17T14:58:58.347] [INFO] info - post params:{"userName":"admin","userPwd":"admin"}
[2021-11-17T14:58:58.555] [INFO] info - get params:{}
[2021-11-17T14:58:58.556] [INFO] info - post params:{}
[2021-11-17T14:58:58.819] [INFO] info - get params:{}
[2021-11-17T14:58:58.822] [INFO] info - post params:{}
[2021-11-17T15:06:10.436] [INFO] info - get params:{}
[2021-11-17T15:06:10.436] [INFO] info - post params:{}
[2021-11-17T15:06:10.438] [INFO] info - get params:{}
[2021-11-17T15:06:10.438] [INFO] info - post params:{}
[2021-11-17T15:06:23.649] [INFO] info - get params:{}
[2021-11-17T15:06:23.650] [INFO] info - post params:{}
[2021-11-17T15:06:23.651] [INFO] info - get params:{}
[2021-11-17T15:06:23.652] [INFO] info - post params:{}
[2021-11-17T15:06:32.815] [INFO] info - get params:{}
[2021-11-17T15:06:32.817] [INFO] info - post params:{"userName":"admin","userPwd":"admin"}
[2021-11-17T15:06:32.950] [INFO] info - get params:{}
[2021-11-17T15:06:32.950] [INFO] info - post params:{}
[2021-11-17T15:06:33.259] [INFO] info - get params:{}
[2021-11-17T15:06:33.260] [INFO] info - post params:{}
[2021-11-17T15:09:41.565] [INFO] info - ****数据库连接成功****
[2021-11-17T15:09:46.837] [INFO] info - get params:{}
[2021-11-17T15:09:46.838] [INFO] info - post params:{}
[2021-11-17T15:09:46.872] [INFO] info - get params:{}
[2021-11-17T15:09:46.873] [INFO] info - post params:{}
[2021-11-17T15:09:58.722] [INFO] info - get params:{}
[2021-11-17T15:09:58.724] [INFO] info - post params:{"userName":"admin","userPwd":"admin"}
[2021-11-17T15:09:58.881] [INFO] info - get params:{}
[2021-11-17T15:09:58.882] [INFO] info - post params:{}
[2021-11-17T15:09:59.192] [INFO] info - get params:{}
[2021-11-17T15:09:59.194] [INFO] info - post params:{}
[2021-11-17T15:11:19.874] [INFO] info - get params:{}
[2021-11-17T15:11:19.874] [INFO] info - post params:{}
[2021-11-17T15:11:19.878] [INFO] info - get params:{}
[2021-11-17T15:11:19.878] [INFO] info - post params:{}
[2021-11-17T15:12:16.153] [INFO] info - ****数据库连接成功****
[2021-11-17T15:12:32.436] [INFO] info - ****数据库连接成功****
[2021-11-17T15:12:44.145] [INFO] info - get params:{}
[2021-11-17T15:12:44.146] [INFO] info - post params:{}
[2021-11-17T15:12:44.162] [INFO] info - get params:{}
[2021-11-17T15:12:44.163] [INFO] info - post params:{}
[2021-11-17T15:13:23.485] [INFO] info - ****数据库连接成功****
[2021-11-17T15:13:25.791] [INFO] info - get params:{}
[2021-11-17T15:13:25.792] [INFO] info - post params:{}
[2021-11-17T15:13:25.808] [INFO] info - get params:{}
[2021-11-17T15:13:25.809] [INFO] info - post params:{}
[2021-11-17T15:13:56.708] [INFO] info - ****数据库连接成功****
[2021-11-17T15:14:02.317] [INFO] info - get params:{}
[2021-11-17T15:14:02.318] [INFO] info - post params:{}
[2021-11-17T15:14:02.328] [INFO] info - get params:{}
[2021-11-17T15:14:02.329] [INFO] info - post params:{}
[2021-11-17T15:26:07.599] [INFO] info - ****数据库连接成功****
[2021-11-17T15:28:54.438] [INFO] info - ****数据库连接成功****
[2021-11-17T15:29:16.265] [INFO] info - get params:{}
[2021-11-17T15:29:16.266] [INFO] info - post params:{}
[2021-11-17T15:29:16.280] [INFO] info - get params:{}
[2021-11-17T15:29:16.281] [INFO] info - post params:{}
[2021-11-17T15:30:11.000] [INFO] info - ****数据库连接成功****
[2021-11-17T15:30:21.669] [INFO] info - get params:{}
[2021-11-17T15:30:21.672] [INFO] info - post params:{"userName":"admin","userPwd":"admin"}
[2021-11-17T15:30:24.618] [INFO] info - get params:{}
[2021-11-17T15:30:24.619] [INFO] info - post params:{"userName":"admin","userPwd":"admin"}
[2021-11-17T15:30:41.654] [INFO] info - ****数据库连接成功****
[2021-11-17T15:30:50.093] [INFO] info - get params:{}
[2021-11-17T15:30:50.096] [INFO] info - post params:{"userName":"admin","userPwd":"admin"}
[2021-11-17T15:31:07.529] [INFO] info - ****数据库连接成功****
[2021-11-17T15:31:08.907] [INFO] info - ****数据库连接成功****
[2021-11-17T15:31:24.518] [INFO] info - get params:{}
[2021-11-17T15:31:24.521] [INFO] info - post params:{"userName":"admin","userPwd":"admin"}
[2021-11-17T15:31:45.840] [INFO] info - ****数据库连接成功****
[2021-11-17T15:31:52.461] [INFO] info - ****数据库连接成功****
[2021-11-17T15:31:59.819] [INFO] info - get params:{}
[2021-11-17T15:31:59.821] [INFO] info - post params:{"userName":"admin","userPwd":"admin"}
[2021-11-17T15:31:59.988] [INFO] info - get params:{}
[2021-11-17T15:31:59.989] [INFO] info - post params:{}
[2021-11-17T15:31:59.992] [INFO] info - get params:{}
[2021-11-17T15:31:59.992] [INFO] info - post params:{}
[2021-11-17T15:32:19.063] [INFO] info - ****数据库连接成功****
[2021-11-17T15:32:21.410] [INFO] info - get params:{}
[2021-11-17T15:32:21.411] [INFO] info - post params:{}
[2021-11-17T15:32:21.422] [INFO] info - get params:{}
[2021-11-17T15:32:21.422] [INFO] info - post params:{}
[2021-11-17T15:32:58.968] [INFO] info - ****数据库连接成功****
[2021-11-17T15:34:17.229] [INFO] info - ****数据库连接成功****
[2021-11-17T15:34:46.241] [INFO] info - ****数据库连接成功****
[2021-11-17T15:34:57.794] [INFO] info - get params:{}
[2021-11-17T15:34:57.794] [INFO] info - post params:{}
[2021-11-17T15:34:57.805] [INFO] info - get params:{}
[2021-11-17T15:34:57.806] [INFO] info - post params:{}
[2021-11-17T15:35:09.184] [INFO] info - ****数据库连接成功****
[2021-11-17T15:35:11.071] [INFO] info - get params:{}
[2021-11-17T15:35:11.072] [INFO] info - post params:{}
[2021-11-17T15:35:11.083] [INFO] info - get params:{}
[2021-11-17T15:35:11.084] [INFO] info - post params:{}
[2021-11-17T15:35:25.550] [INFO] info - get params:{}
[2021-11-17T15:35:25.551] [INFO] info - post params:{"userName":"admin","userPwd":"admin"}
[2021-11-17T15:36:55.699] [INFO] info - ****数据库连接成功****
[2021-11-17T15:37:03.064] [INFO] info - get params:{}
[2021-11-17T15:37:03.065] [INFO] info - post params:{"userName":"admin","userPwd":"admin"}
[2021-11-17T15:37:24.836] [INFO] info - ****数据库连接成功****
[2021-11-17T15:37:53.910] [INFO] info - get params:{}
[2021-11-17T15:37:53.912] [INFO] info - post params:{"userName":"admin","userPwd":"admin"}
[2021-11-17T15:39:15.791] [INFO] info - ****数据库连接成功****
[2021-11-17T15:47:19.220] [INFO] info - ****数据库连接成功****
[2021-11-17T15:47:25.733] [INFO] info - ****数据库连接成功****
[2021-11-17T15:47:41.942] [INFO] info - get params:{}
[2021-11-17T15:47:41.945] [INFO] info - post params:{"userName":"admin","userPwd":"admin"}
[2021-11-17T15:50:31.700] [INFO] info - ****数据库连接成功****
[2021-11-17T15:50:39.534] [INFO] info - get params:{}
[2021-11-17T15:50:39.535] [INFO] info - post params:{"userName":"admin","userPwd":"admin"}
[2021-11-17T15:50:39.700] [INFO] info - get params:{}
[2021-11-17T15:50:39.701] [INFO] info - post params:{}
[2021-11-17T15:50:39.707] [INFO] info - get params:{}
[2021-11-17T15:50:39.708] [INFO] info - post params:{}
[2021-11-17T15:52:37.548] [INFO] info - ****数据库连接成功****
[2021-11-17T15:53:01.821] [INFO] info - ****数据库连接成功****
[2021-11-17T15:53:14.007] [INFO] info - ****数据库连接成功****
[2021-11-17T15:53:27.370] [INFO] info - ****数据库连接成功****
[2021-11-17T15:53:38.456] [INFO] info - ****数据库连接成功****
[2021-11-17T15:53:42.393] [INFO] info - ****数据库连接成功****
[2021-11-17T15:54:03.200] [INFO] info - get params:{}
[2021-11-17T15:54:03.202] [INFO] info - post params:{"userName":"admin","userPwd":"admin"}
[2021-11-17T15:54:03.411] [INFO] info - get params:{}
[2021-11-17T15:54:03.413] [INFO] info - post params:{}
[2021-11-17T15:54:03.696] [INFO] info - get params:{}
[2021-11-17T15:54:03.697] [INFO] info - post params:{}
[2021-11-17T15:54:31.222] [INFO] info - ****数据库连接成功****
[2021-11-17T15:54:54.159] [INFO] info - ****数据库连接成功****
[2021-11-17T15:55:04.025] [INFO] info - ****数据库连接成功****
[2021-11-17T15:55:18.980] [INFO] info - ****数据库连接成功****
[2021-11-17T15:55:29.852] [INFO] info - ****数据库连接成功****
[2021-11-17T15:56:45.040] [INFO] info - ****数据库连接成功****
[2021-11-17T15:58:33.629] [INFO] info - ****数据库连接成功****
